<?xml version="1.0" encoding="UTF-8"?>
<testng-results ignored="0" total="1" passed="0" failed="1" skipped="0">
  <reporter-output>
  </reporter-output>
  <suite started-at="2022-08-26T13:08:28 ART" name="Suite" finished-at="2022-08-26T13:12:59 ART" duration-ms="271504">
    <groups>
      <group name="cucumber">
        <method signature="AbstractTestNGCucumberTests.runScenario(io.cucumber.testng.PickleWrapper,io.cucumber.testng.FeatureWrapper)[pri:0, instance:testRunner.RunnerByTag@4b741d6d]" name="runScenario" class="io.cucumber.testng.AbstractTestNGCucumberTests"/>
      </group> <!-- cucumber -->
    </groups>
    <test started-at="2022-08-26T13:08:28 ART" name="Test" finished-at="2022-08-26T13:12:59 ART" duration-ms="271504">
      <class name="testRunner.RunnerByTag">
        <test-method is-config="true" signature="setupScenario(java.lang.String)[pri:0, instance:testRunner.RunnerByTag@4b741d6d]" started-at="2022-08-26T13:08:28 ART" name="setupScenario" finished-at="2022-08-26T13:08:39 ART" duration-ms="11050" status="PASS">
          <params>
            <param index="0">
              <value>
                <![CDATA[settings]]>
              </value>
            </param>
          </params>
          <reporter-output>
          </reporter-output>
        </test-method> <!-- setupScenario -->
        <test-method is-config="true" signature="setUpClass(org.testng.ITestContext)[pri:0, instance:testRunner.RunnerByTag@4b741d6d]" started-at="2022-08-26T13:08:39 ART" name="setUpClass" finished-at="2022-08-26T13:08:42 ART" duration-ms="3048" status="PASS">
          <params>
            <param index="0">
              <value>
                <![CDATA[org.testng.TestRunner@524dd373]]>
              </value>
            </param>
          </params>
          <reporter-output>
          </reporter-output>
        </test-method> <!-- setUpClass -->
        <test-method signature="runScenario(io.cucumber.testng.PickleWrapper,io.cucumber.testng.FeatureWrapper)[pri:0, instance:testRunner.RunnerByTag@4b741d6d]" started-at="2022-08-26T13:08:42 ART" name="runScenario" description="Runs Cucumber Scenarios" data-provider="scenarios" finished-at="2022-08-26T13:12:55 ART" duration-ms="253001" status="FAIL">
          <params>
            <param index="0">
              <value>
                <![CDATA["Instalacion de la solucion Strix flotas"]]>
              </value>
            </param>
            <param index="1">
              <value>
                <![CDATA["Strix Flotas"]]>
              </value>
            </param>
          </params>
          <exception class="org.openqa.selenium.TimeoutException">
            <message>
              <![CDATA[Expected condition failed: waiting for element to be clickable: By.xpath: //li//label[text()='Control de SDS'] (tried for 30 second(s) with 500 milliseconds interval)
Build info: version: '4.1.4', revision: '535d840ee2'
System info: host: 'AR01ENOT0090', ip: '192.168.90.1', os.name: 'Windows 10', os.arch: 'amd64', os.version: '10.0', java.version: '13.0.2'
Driver info: org.openqa.selenium.chrome.ChromeDriver
Capabilities {acceptInsecureCerts: false, browserName: chrome, browserVersion: 104.0.5112.102, chrome: {chromedriverVersion: 104.0.5112.79 (3cf3e8c8a07d..., userDataDir: C:\Users\gfranco\AppData\Lo...}, goog:chromeOptions: {debuggerAddress: localhost:51629}, javascriptEnabled: true, networkConnectionEnabled: false, pageLoadStrategy: normal, platform: WINDOWS, platformName: WINDOWS, proxy: Proxy(), se:cdp: ws://localhost:51629/devtoo..., se:cdpVersion: 104.0.5112.102, setWindowRect: true, strictFileInteractability: false, timeouts: {implicit: 0, pageLoad: 300000, script: 30000}, unhandledPromptBehavior: dismiss and notify, webauthn:extension:credBlob: true, webauthn:extension:largeBlob: true, webauthn:virtualAuthenticators: true}
Session ID: a7dd377602f4adb343064a02522294cf]]>
            </message>
            <full-stacktrace>
              <![CDATA[org.openqa.selenium.TimeoutException: Expected condition failed: waiting for element to be clickable: By.xpath: //li//label[text()='Control de SDS'] (tried for 30 second(s) with 500 milliseconds interval)
Build info: version: '4.1.4', revision: '535d840ee2'
System info: host: 'AR01ENOT0090', ip: '192.168.90.1', os.name: 'Windows 10', os.arch: 'amd64', os.version: '10.0', java.version: '13.0.2'
Driver info: org.openqa.selenium.chrome.ChromeDriver
Capabilities {acceptInsecureCerts: false, browserName: chrome, browserVersion: 104.0.5112.102, chrome: {chromedriverVersion: 104.0.5112.79 (3cf3e8c8a07d..., userDataDir: C:\Users\gfranco\AppData\Lo...}, goog:chromeOptions: {debuggerAddress: localhost:51629}, javascriptEnabled: true, networkConnectionEnabled: false, pageLoadStrategy: normal, platform: WINDOWS, platformName: WINDOWS, proxy: Proxy(), se:cdp: ws://localhost:51629/devtoo..., se:cdpVersion: 104.0.5112.102, setWindowRect: true, strictFileInteractability: false, timeouts: {implicit: 0, pageLoad: 300000, script: 30000}, unhandledPromptBehavior: dismiss and notify, webauthn:extension:credBlob: true, webauthn:extension:largeBlob: true, webauthn:virtualAuthenticators: true}
Session ID: a7dd377602f4adb343064a02522294cf
at org.openqa.selenium.support.ui.WebDriverWait.timeoutException(WebDriverWait.java:87)
at org.openqa.selenium.support.ui.FluentWait.until(FluentWait.java:231)
at utils.WebBase.waitClick(WebBase.java:172)
at pages.TaskPage.filtroTareas(TaskPage.java:58)
at steps.TasksStep.seAccedeALaTareaDe(TasksStep.java:69)
at ✽.se accede a la tarea de: "Control de SDS"(file:///C:/GIT%20-%20Automatizacion%20Pruebas%20Boxes/src/test/resources/features/strix_flotas.feature:32)
]]>
            </full-stacktrace>
          </exception> <!-- org.openqa.selenium.TimeoutException -->
          <reporter-output>
          </reporter-output>
        </test-method> <!-- runScenario -->
        <test-method is-config="true" signature="tearDownClass()[pri:0, instance:testRunner.RunnerByTag@4b741d6d]" started-at="2022-08-26T13:12:55 ART" name="tearDownClass" finished-at="2022-08-26T13:12:59 ART" duration-ms="4127" status="PASS">
          <reporter-output>
          </reporter-output>
        </test-method> <!-- tearDownClass -->
      </class> <!-- testRunner.RunnerByTag -->
    </test> <!-- Test -->
  </suite> <!-- Suite -->
</testng-results>
