<?xml version="1.0" encoding="UTF-8"?>
<testsuite xmlns:xsi="http://www.w3.org/2001/XMLSchema-instance" xsi:noNamespaceSchemaLocation="https://maven.apache.org/surefire/maven-surefire-plugin/xsd/surefire-test-report-3.0.xsd" version="3.0" name="TestSuite" time="274.672" tests="1" errors="0" skipped="0" failures="1">
  <properties>
[...]
</properties>
  <testcase name="runScenario[&quot;Instalacion de la solucion Strix flotas&quot;, &quot;Strix Flotas&quot;](1)" classname="testRunner.RunnerByTag" time="252.912">
    <failure message="Expected condition failed: waiting for element to be clickable: By.xpath: //li//label[text()=&apos;Control de SDS&apos;] (tried for 30 second(s) with 500 milliseconds interval)&#10;Build info: version: &apos;4.1.4&apos;, revision: &apos;535d840ee2&apos;&#10;System info: host: &apos;AR01ENOT0090&apos;, ip: &apos;192.168.90.1&apos;, os.name: &apos;Windows 10&apos;, os.arch: &apos;amd64&apos;, os.version: &apos;10.0&apos;, java.version: &apos;13.0.2&apos;&#10;Driver info: org.openqa.selenium.chrome.ChromeDriver&#10;Capabilities {acceptInsecureCerts: false, browserName: chrome, browserVersion: 104.0.5112.102, chrome: {chromedriverVersion: 104.0.5112.79 (3cf3e8c8a07d..., userDataDir: C:\Users\gfranco\AppData\Lo...}, goog:chromeOptions: {debuggerAddress: localhost:51629}, javascriptEnabled: true, networkConnectionEnabled: false, pageLoadStrategy: normal, platform: WINDOWS, platformName: WINDOWS, proxy: Proxy(), se:cdp: ws://localhost:51629/devtoo..., se:cdpVersion: 104.0.5112.102, setWindowRect: true, strictFileInteractability: false, timeouts: {implicit: 0, pageLoad: 300000, script: 30000}, unhandledPromptBehavior: dismiss and notify, webauthn:extension:credBlob: true, webauthn:extension:largeBlob: true, webauthn:virtualAuthenticators: true}&#10;Session ID: a7dd377602f4adb343064a02522294cf" type="org.openqa.selenium.TimeoutException"><![CDATA[org.openqa.selenium.TimeoutException: 
Expected condition failed: waiting for element to be clickable: By.xpath: //li//label[text()='Control de SDS'] (tried for 30 second(s) with 500 milliseconds interval)
Build info: version: '4.1.4', revision: '535d840ee2'
System info: host: 'AR01ENOT0090', ip: '192.168.90.1', os.name: 'Windows 10', os.arch: 'amd64', os.version: '10.0', java.version: '13.0.2'
Driver info: org.openqa.selenium.chrome.ChromeDriver
Capabilities {acceptInsecureCerts: false, browserName: chrome, browserVersion: 104.0.5112.102, chrome: {chromedriverVersion: 104.0.5112.79 (3cf3e8c8a07d..., userDataDir: C:\Users\gfranco\AppData\Lo...}, goog:chromeOptions: {debuggerAddress: localhost:51629}, javascriptEnabled: true, networkConnectionEnabled: false, pageLoadStrategy: normal, platform: WINDOWS, platformName: WINDOWS, proxy: Proxy(), se:cdp: ws://localhost:51629/devtoo..., se:cdpVersion: 104.0.5112.102, setWindowRect: true, strictFileInteractability: false, timeouts: {implicit: 0, pageLoad: 300000, script: 30000}, unhandledPromptBehavior: dismiss and notify, webauthn:extension:credBlob: true, webauthn:extension:largeBlob: true, webauthn:virtualAuthenticators: true}
Session ID: a7dd377602f4adb343064a02522294cf
]]></failure>
    <system-out><![CDATA[chrome
false

@WholeBoxesFeature @StrixFlotas
Scenario: Instalacion de la solucion Strix flotas                                                                            &amp#27;[90m# src/test/resources/features/strix_flotas.feature:13&amp#27;[0m
SOLICITUD ID: 482504392
SELECT TOP 1 Turno_ID, Titulo
  FROM Turnos
  where titulo = 'ZZ229TP'
Nro. Documento: 34945865
Dominio: ZZ229TP
Nro. Solicitud: 482504392
Nro. Chasis: CHA_482504392
Nro. Motor: MOT_482504392
  &amp#27;[32mGiven &amp#27;[0m&amp#27;[32mGenera una solicitud para el servicio &amp#27;[0m&amp#27;[32m&amp#27;[1m"STRIX_FLOTAS"&amp#27;[0m&amp#27;[32m y espera &amp#27;[0m&amp#27;[32m&amp#27;[1m60&amp#27;[0m&amp#27;[32m segundos&amp#27;[0m                                            &amp#27;[90m# steps.LandingStep.generaUnaSolicitudYEspera(java.lang.String,int)&amp#27;[0m
  &amp#27;[32mWhen &amp#27;[0m&amp#27;[32mIngresa a la pagina de Boxes&amp#27;[0m                                                                                          &amp#27;[90m# steps.LandingStep.visitBoxes()&amp#27;[0m
  &amp#27;[32mAnd &amp#27;[0m&amp#27;[32mSelecciona opcion login&amp#27;[0m                                                                                                &amp#27;[90m# steps.LandingStep.gotoLogin()&amp#27;[0m
  &amp#27;[32mAnd &amp#27;[0m&amp#27;[32mIngresa credenciales para &amp#27;[0m&amp#27;[32m&amp#27;[1m'ale'&amp#27;[0m&amp#27;[32m y selecciona ingresar&amp#27;[0m                                                                  &amp#27;[90m# steps.LoginStep.logOn(java.lang.String)&amp#27;[0m
  &amp#27;[32mThen &amp#27;[0m&amp#27;[32mValida que se ecuentra en correctamente logueado&amp#27;[0m                                                                      &amp#27;[90m# steps.LoginStep.isUserLoggedOn()&amp#27;[0m
Comienza el test STRIX_FLOTAS
  &amp#27;[32mGiven &amp#27;[0m&amp#27;[32mun turno de Instalacion para la solucion &amp#27;[0m&amp#27;[32m&amp#27;[1m"STRIX_FLOTAS"&amp#27;[0m                                                              &amp#27;[90m# steps.TasksStep.comienzaElTest(java.lang.String)&amp#27;[0m
  &amp#27;[32mWhen &amp#27;[0m&amp#27;[32mse filtran tareas por vehiculo&amp#27;[0m                                                                                        &amp#27;[90m# steps.TasksStep.seFiltranTareasPorVehiculo()&amp#27;[0m
No se pudo revalidar login
  &amp#27;[32mAnd &amp#27;[0m&amp#27;[32mse accede a la tarea de: &amp#27;[0m&amp#27;[32m&amp#27;[1m"RecepciÃ³n"&amp#27;[0m                                                                                   &amp#27;[90m# steps.TasksStep.seAccedeALaTareaDe(java.lang.String)&amp#27;[0m
SELECT TOP 1 PART_PARTIDA_EMP Partida_Empresa
FROM STOC_ARTS
JOIN STOC_PART ON PART_ARTICULO = ARTS_ARTICULO
JOIN STOC_SDPP ON SDPP_PARTIDA = PART_PARTIDA
JOIN STOC_DPOS ON DPOS_DEPOSITO = SDPP_DEPOSITO
JOIN STOC_STDP ON STDP_ARTICULO = ARTS_ARTICULO AND STDP_DEPOSITO = SDPP_DEPOSITO
JOIN STOC_CA05 ON ARTS_CLASIF_5 = STOC_CA05.CA05_CLASIF_5
WHERE PART_CLASIF_1='NNS'
AND SDPP_STOCK_ACT > 0
AND STDP_STOCK_ACT > 0
AND SDPP_DEPOSITO = 179
AND ARTS_ARTICULO_EMP IN ('KCARGMT','KCHGS15','KGMT200','KGPS15M','KGPSS15','KIT10DS',
'KIT15DS','KIT16DS','KIT2630','KITCAR2','KITGE10','KITGE11','KITGS16','KITQ200',
'KITS6FW','KITS6SS','KLMU200','KS15MDS','KTG2630','KTGG200','KTGS15B','KTLMU2')
AND NOT EXISTS
(SELECT *
FROM [LJSQLDEVTEST02,1433].calipso_intdev01.dbo.b_inventory i
JOIN [LJSQLDEVTEST02,1433].calipso_intdev01.dbo.b_place_inventory pi on pi.place_inve_inventory_id = i.inventory_id
WHERE pi.place_inve_to_date is null
AND PART_PARTIDA_EMP like 'ID900%'
AND i.inventory_serial = PART_PARTIDA_EMP COLLATE Latin1_General_CI_AS)
ORDER BY NEWID()
  &amp#27;[32mAnd &amp#27;[0m&amp#27;[32mobtener nro de serie del GPS para &amp#27;[0m&amp#27;[32m&amp#27;[1m"STRIX_FLOTAS"&amp#27;[0m                                                                       &amp#27;[90m# steps.InstalacionStep.obtenerNroDeSerieDelGPS(java.lang.String)&amp#27;[0m
  &amp#27;[32mAnd &amp#27;[0m&amp#27;[32mse accede a la tarea de: &amp#27;[0m&amp#27;[32m&amp#27;[1m"InstalaciÃ³n"&amp#27;[0m                                                                                 &amp#27;[90m# steps.TasksStep.seAccedeALaTareaDe(java.lang.String)&amp#27;[0m
  &amp#27;[32mAnd &amp#27;[0m&amp#27;[32mSelecciona la opcion &amp#27;[0m&amp#27;[32m&amp#27;[1m"GPS"&amp#27;[0m                                                                                             &amp#27;[90m# steps.InstalacionStep.selectCTA(java.lang.String)&amp#27;[0m
  &amp#27;[32mAnd &amp#27;[0m&amp#27;[32mselecciona empresa &amp#27;[0m&amp#27;[32m&amp#27;[1m"Oleiros"&amp#27;[0m                                                                                           &amp#27;[90m# steps.InstalacionStep.seleccionaEmpresayVerificaNroSerieDispositivo(java.lang.String)&amp#27;[0m
GPS SERIAL NUMBER: 900000000000161
  &amp#27;[32mAnd &amp#27;[0m&amp#27;[32mingresa numero de serie de &amp#27;[0m&amp#27;[32m&amp#27;[1m'GPS'&amp#27;[0m&amp#27;[32m valido&amp#27;[0m                                                                                &amp#27;[90m# steps.InstalacionStep.ingresaNroSerie(java.lang.String)&amp#27;[0m
  &amp#27;[32mAnd &amp#27;[0m&amp#27;[32mcompletar Ubicacion &amp#27;[0m&amp#27;[32m&amp#27;[1m'Piso'&amp#27;[0m&amp#27;[32m y Posicion &amp#27;[0m&amp#27;[32m&amp#27;[1m'Piso conductor'&amp#27;[0m                                                                 &amp#27;[90m# steps.InstalacionStep.completarUbicacionAsientoYPosicionDebajoAsientoConductor(java.lang.String,java.lang.String)&amp#27;[0m
  &amp#27;[32mAnd &amp#27;[0m&amp#27;[32mvalida que &amp#27;[0m&amp#27;[32m&amp#27;[1m'Visualizacion'&amp#27;[0m&amp#27;[32m tenga tilde verde&amp#27;[0m                                                                           &amp#27;[90m# steps.InstalacionStep.validaQueExistaElTildeVerde(java.lang.String)&amp#27;[0m
No es necesario capturar el spinner de carga
  &amp#27;[32mAnd &amp#27;[0m&amp#27;[32medita el kilometraje&amp#27;[0m                                                                                                   &amp#27;[90m# steps.InstalacionStep.editaElKilometraje()&amp#27;[0m
  &amp#27;[32mAnd &amp#27;[0m&amp#27;[32mvalida el numero de serie del GPS en el resumen&amp#27;[0m                                                                        &amp#27;[90m# steps.InstalacionStep.validaElNumeroDeSerieDelGPSEnElResumen()&amp#27;[0m
  &amp#27;[32mAnd &amp#27;[0m&amp#27;[32mfinaliza la instalacion sin confirmar&amp#27;[0m                                                                                  &amp#27;[90m# steps.InstalacionStep.finalizaLaInstalacionStrix_flotas()&amp#27;[0m
  &amp#27;[32mAnd &amp#27;[0m&amp#27;[32mse filtran tareas por vehiculo&amp#27;[0m                                                                                         &amp#27;[90m# steps.TasksStep.seFiltranTareasPorVehiculo()&amp#27;[0m
  &amp#27;[32mAnd &amp#27;[0m&amp#27;[32mse accede a la tarea de: &amp#27;[0m&amp#27;[32m&amp#27;[1m"VerificaciÃ³n"&amp#27;[0m                                                                                &amp#27;[90m# steps.TasksStep.seAccedeALaTareaDe(java.lang.String)&amp#27;[0m
No es necesario capturar el spinner de carga
  &amp#27;[32mAnd &amp#27;[0m&amp#27;[32mse registran los datos de la gestion operativa con contrato: &amp#27;[0m&amp#27;[32m&amp#27;[1m"Oleiros"&amp#27;[0m&amp#27;[32m y producto: &amp#27;[0m&amp#27;[32m&amp#27;[1m"STRIX"&amp#27;[0m                             &amp#27;[90m# steps.TasksStep.registrarGestionOperativa(java.lang.String,java.lang.String)&amp#27;[0m
  &amp#27;[32mAnd &amp#27;[0m&amp#27;[32mse filtran tareas por vehiculo&amp#27;[0m                                                                                         &amp#27;[90m# steps.TasksStep.seFiltranTareasPorVehiculo()&amp#27;[0m
  &amp#27;[31mAnd &amp#27;[0m&amp#27;[31mse accede a la tarea de: &amp#27;[0m&amp#27;[31m&amp#27;[1m"Control de SDS"&amp#27;[0m                                                                              &amp#27;[90m# steps.TasksStep.seAccedeALaTareaDe(java.lang.String)&amp#27;[0m
      &amp#27;[31morg.openqa.selenium.TimeoutException: Expected condition failed: waiting for element to be clickable: By.xpath: //li//label[text()='Control de SDS'] (tried for 30 second(s) with 500 milliseconds interval)
Build info: version: '4.1.4', revision: '535d840ee2'
System info: host: 'AR01ENOT0090', ip: '192.168.90.1', os.name: 'Windows 10', os.arch: 'amd64', os.version: '10.0', java.version: '13.0.2'
Driver info: org.openqa.selenium.chrome.ChromeDriver
Capabilities {acceptInsecureCerts: false, browserName: chrome, browserVersion: 104.0.5112.102, chrome: {chromedriverVersion: 104.0.5112.79 (3cf3e8c8a07d..., userDataDir: C:\Users\gfranco\AppData\Lo...}, goog:chromeOptions: {debuggerAddress: localhost:51629}, javascriptEnabled: true, networkConnectionEnabled: false, pageLoadStrategy: normal, platform: WINDOWS, platformName: WINDOWS, proxy: Proxy(), se:cdp: ws://localhost:51629/devtoo..., se:cdpVersion: 104.0.5112.102, setWindowRect: true, strictFileInteractability: false, timeouts: {implicit: 0, pageLoad: 300000, script: 30000}, unhandledPromptBehavior: dismiss and notify, webauthn:extension:credBlob: true, webauthn:extension:largeBlob: true, webauthn:virtualAuthenticators: true}
Session ID: a7dd377602f4adb343064a02522294cf
	at org.openqa.selenium.support.ui.WebDriverWait.timeoutException(WebDriverWait.java:87)
	at org.openqa.selenium.support.ui.FluentWait.until(FluentWait.java:231)
	at utils.WebBase.waitClick(WebBase.java:172)
	at pages.TaskPage.filtroTareas(TaskPage.java:58)
	at steps.TasksStep.seAccedeALaTareaDe(TasksStep.java:69)
	at âœ½.se accede a la tarea de: "Control de SDS"(file:///C:/GIT%20-%20Automatizacion%20Pruebas%20Boxes/src/test/resources/features/strix_flotas.feature:32)
&amp#27;[0m
  &amp#27;[36mAnd &amp#27;[0m&amp#27;[36mse registran los datos de Cliente, tipo de cliente: &amp#27;[0m&amp#27;[36m&amp#27;[1m"Particular"&amp#27;[0m&amp#27;[36m, condiciÃ³n impositiva: &amp#27;[0m&amp#27;[36m&amp#27;[1m"Consumidor Final"&amp#27;[0m             &amp#27;[90m# steps.TasksStep.registrarDatosDelCliente(java.lang.String,java.lang.String)&amp#27;[0m
  &amp#27;[36mAnd &amp#27;[0m&amp#27;[36mse registran los datos del Identificable con uso: &amp#27;[0m&amp#27;[36m&amp#27;[1m"41 - TRANSPORTE"&amp#27;[0m&amp#27;[36m, color: &amp#27;[0m&amp#27;[36m&amp#27;[1m"8 - AZUL"&amp#27;[0m                                 &amp#27;[90m# steps.TasksStep.seRegistranLosDatosDelIdentificable(java.lang.String,java.lang.String)&amp#27;[0m
  &amp#27;[36mAnd &amp#27;[0m&amp#27;[36mse registran los datos de Facturacion&amp#27;[0m                                                                                  &amp#27;[90m# steps.TasksStep.seRegistranLosDatosDeFacturacion()&amp#27;[0m
  &amp#27;[36mAnd &amp#27;[0m&amp#27;[36mse registran los datos de Operaciones&amp#27;[0m                                                                                  &amp#27;[90m# steps.TasksStep.seRegistranLosDatosDeOperaciones()&amp#27;[0m
  &amp#27;[36mAnd &amp#27;[0m&amp#27;[36mimprimir SDS&amp#27;[0m                                                                                                           &amp#27;[90m# steps.TasksStep.imprimirSDS()&amp#27;[0m
  &amp#27;[36mAnd &amp#27;[0m&amp#27;[36mse finaliza la tarea de Control SDS&amp#27;[0m                                                                                    &amp#27;[90m# steps.TasksStep.seFinalizaLaTareaDeControlSDS()&amp#27;[0m
  &amp#27;[36mAnd &amp#27;[0m&amp#27;[36mel cliente tiene SDS firmada electronicamente&amp#27;[0m                                                                          &amp#27;[90m# steps.TasksStep.elClienteTieneSDSFirmadaElectronicamente()&amp#27;[0m
  &amp#27;[36mAnd &amp#27;[0m&amp#27;[36mse filtran tareas por vehiculo&amp#27;[0m                                                                                         &amp#27;[90m# steps.TasksStep.seFiltranTareasPorVehiculo()&amp#27;[0m
  &amp#27;[36mAnd &amp#27;[0m&amp#27;[36mse accede a la tarea de: &amp#27;[0m&amp#27;[36m&amp#27;[1m"Cierre"&amp#27;[0m                                                                                      &amp#27;[90m# steps.TasksStep.seAccedeALaTareaDe(java.lang.String)&amp#27;[0m
  &amp#27;[36mAnd &amp#27;[0m&amp#27;[36mRealizar Cierre&amp#27;[0m                                                                                                        &amp#27;[90m# steps.TasksStep.realizarCierre()&amp#27;[0m
  &amp#27;[36mThen &amp#27;[0m&amp#27;[36mse imprimen los datos de la prueba y se espera &amp#27;[0m&amp#27;[36m&amp#27;[1m20&amp#27;[0m&amp#27;[36m segundos&amp#27;[0m                                                            &amp#27;[90m# steps.ControlesStep.seEsperanSegundos(int)&amp#27;[0m
  &amp#27;[36mAnd &amp#27;[0m&amp#27;[36mse verifica en Calipso que el equipo &amp#27;[0m&amp#27;[36m&amp#27;[1m"GPS"&amp#27;[0m&amp#27;[36m haya quedado asociado al vehiculo&amp#27;[0m                                           &amp#27;[90m# steps.ControlesStep.seVerificaEnCalipsoEquipoYVehiculo(java.lang.String)&amp#27;[0m
  &amp#27;[36mAnd &amp#27;[0m&amp#27;[36mse verifica en Calipso el plan &amp#27;[0m&amp#27;[36m&amp#27;[1m"PL_STRIXFLOTALOG"&amp#27;[0m&amp#27;[36m y el servicio &amp#27;[0m&amp#27;[36m&amp#27;[1m"SE_VISUALIZACION"&amp#27;[0m&amp#27;[36m. Company ID &amp#27;[0m&amp#27;[36m&amp#27;[1m"COM_OLEIROS"&amp#27;[0m           &amp#27;[90m# steps.ControlesStep.seVerificaenCalipsoPlanesYServicios(java.lang.String,java.lang.String,java.lang.String)&amp#27;[0m
  &amp#27;[36mAnd &amp#27;[0m&amp#27;[36mse verifican en Calipso los datos del vehiculo. Company ID &amp#27;[0m&amp#27;[36m&amp#27;[1m"COM_OLEIROS"&amp#27;[0m                                               &amp#27;[90m# steps.ControlesStep.seVerificaEnCalipsoElAltaDelClienteElVehiculoElEquipoPorLaEmpresaConLosPlanes(java.lang.String)&amp#27;[0m
  &amp#27;[36mAnd &amp#27;[0m&amp#27;[36mse verifica en Vehiculos el alta del cliente: Company ID &amp#27;[0m&amp#27;[36m&amp#27;[1m"COM_OLEIROS"&amp#27;[0m&amp#27;[36m, Nombre y apellido del cliente &amp#27;[0m&amp#27;[36m&amp#27;[1m"RATON"&amp#27;[0m&amp#27;[36m, &amp#27;[0m&amp#27;[36m&amp#27;[1m"PEREZ"&amp#27;[0m &amp#27;[90m# steps.ControlesStep.seVerificaEnLaBaseDeVehiculosAltaDelClienteyVehiculo(java.lang.String,java.lang.String,java.lang.String)&amp#27;[0m
  &amp#27;[36mAnd &amp#27;[0m&amp#27;[36mse verifica en Vehiculos la relaciÃ³n del vehiculo y el equipo &amp#27;[0m&amp#27;[36m&amp#27;[1m"GPS"&amp#27;[0m                                                    &amp#27;[90m# steps.ControlesStep.seVerificaEnLaBaseDeVehiculosAltaDelClienteyVehiculo(java.lang.String)&amp#27;[0m
  &amp#27;[36mAnd &amp#27;[0m&amp#27;[36mse verifica en Plataforma el consumo de la partida instalada. Dispositivo &amp#27;[0m&amp#27;[36m&amp#27;[1m"GPS"&amp#27;[0m                                        &amp#27;[90m# steps.ControlesStep.seVerificaEnPlataformaElConsumoDeLaPartidaInstalada(java.lang.String)&amp#27;[0m
  &amp#27;[36mAnd &amp#27;[0m&amp#27;[36mse verifica en Turnos el cierre de la solicitud&amp#27;[0m                                                                        &amp#27;[90m# steps.ControlesStep.seVerificaEnTurnosElCierreDeLaSolicitud()&amp#27;[0m
  &amp#27;[36mAnd &amp#27;[0m&amp#27;[36mse verifica en Boxes el estado &amp#27;[0m&amp#27;[36m&amp#27;[1m"Completed"&amp#27;[0m&amp#27;[36m de la tarea &amp#27;[0m&amp#27;[36m&amp#27;[1m"Venta - RecepciÃ³n"&amp#27;[0m                                             &amp#27;[90m# steps.ControlesStep.seVerificaEnBoxesElEstadoDeLaTarea(java.lang.String,java.lang.String)&amp#27;[0m
  &amp#27;[36mAnd &amp#27;[0m&amp#27;[36mse verifica en Boxes el estado &amp#27;[0m&amp#27;[36m&amp#27;[1m"Completed"&amp#27;[0m&amp#27;[36m de la tarea &amp#27;[0m&amp#27;[36m&amp#27;[1m"Venta - Control de SDS"&amp#27;[0m                                        &amp#27;[90m# steps.ControlesStep.seVerificaEnBoxesElEstadoDeLaTarea(java.lang.String,java.lang.String)&amp#27;[0m
  &amp#27;[36mAnd &amp#27;[0m&amp#27;[36mse verifica en Boxes el estado &amp#27;[0m&amp#27;[36m&amp#27;[1m"Completed"&amp#27;[0m&amp#27;[36m de la tarea &amp#27;[0m&amp#27;[36m&amp#27;[1m"Venta - InstalaciÃ³n"&amp#27;[0m                                           &amp#27;[90m# steps.ControlesStep.seVerificaEnBoxesElEstadoDeLaTarea(java.lang.String,java.lang.String)&amp#27;[0m
  &amp#27;[36mAnd &amp#27;[0m&amp#27;[36mse verifica en Boxes el estado &amp#27;[0m&amp#27;[36m&amp#27;[1m"Completed"&amp#27;[0m&amp#27;[36m de la tarea &amp#27;[0m&amp#27;[36m&amp#27;[1m"Venta - VerificaciÃ³n"&amp#27;[0m                                          &amp#27;[90m# steps.ControlesStep.seVerificaEnBoxesElEstadoDeLaTarea(java.lang.String,java.lang.String)&amp#27;[0m
  &amp#27;[36mAnd &amp#27;[0m&amp#27;[36mse verifica en Boxes el estado &amp#27;[0m&amp#27;[36m&amp#27;[1m"Completed"&amp#27;[0m&amp#27;[36m de la tarea &amp#27;[0m&amp#27;[36m&amp#27;[1m"Venta - Cierre"&amp#27;[0m                                                &amp#27;[90m# steps.ControlesStep.seVerificaEnBoxesElEstadoDeLaTarea(java.lang.String,java.lang.String)&amp#27;[0m
  &amp#27;[36mAnd &amp#27;[0m&amp#27;[36mse verifica en Magenta Flotas el vehÃ­culo&amp#27;[0m                                                                              &amp#27;[90m# steps.MagentaFlotasStep.validarVehiculo()&amp#27;[0m
]]></system-out>
    <system-err><![CDATA[[main] WARN org.testng.xml.TestNGContentHandler - It is strongly recommended to add "<!DOCTYPE suite SYSTEM "https://testng.org/testng-1.0.dtd" >" at the top of the suite file [C:\GIT - Automatizacion Pruebas Boxes\testng.xml] otherwise TestNG may fail or not work as expected.
[main] INFO org.testng.internal.Utils - [XmlSuite] [WARN] 'parallel' value 'false' is no longer valid, defaulting to 'none'.
[main] INFO io.github.bonigarcia.wdm.WebDriverManager - Using chromedriver 104.0.5112.79 (resolved driver for Chrome 104)
[main] INFO io.github.bonigarcia.wdm.WebDriverManager - Exporting webdriver.chrome.driver as C:\Users\gfranco\.cache\selenium\chromedriver\win32\104.0.5112.79\chromedriver.exe
Starting ChromeDriver 104.0.5112.79 (3cf3e8c8a07d104b9e1260c910efb8f383285dc5-refs/branch-heads/5112@{#1307}) on port 52414
Only local connections are allowed.
Please see https://chromedriver.chromium.org/security-considerations for suggestions on keeping ChromeDriver safe.
ChromeDriver was started successfully.
ago. 26, 2022 1:08:38 P. M. org.openqa.selenium.remote.ProtocolHandshake createSession
INFO: Detected dialect: W3C
ago. 26, 2022 1:08:39 P. M. org.openqa.selenium.devtools.CdpVersionFinder findNearestMatch
WARNING: Unable to find an exact match for CDP version 104, so returning the closest version found: 101
ago. 26, 2022 1:08:39 P. M. org.openqa.selenium.devtools.CdpVersionFinder findNearestMatch
INFO: Found CDP implementation for version 104 of 101
ago. 26, 2022 1:08:45 P. M. com.microsoft.sqlserver.jdbc.TDSChannel enableSSL
WARNING: TLSv1 was negotiated. Please update server and client to use TLSv1.2 at minimum.
ago. 26, 2022 1:08:46 P. M. com.microsoft.sqlserver.jdbc.TDSChannel enableSSL
WARNING: TLSv1 was negotiated. Please update server and client to use TLSv1.2 at minimum.
]]></system-err>
  </testcase>
</testsuite>